<?xml version="1.0" encoding="UTF-8"?>
<!-- Generated by org.testng.reporters.JUnitReportReporter -->
<testsuite hostname="DESKTOP-DHSC093" failures="0" tests="9" name="testingbaba_test.Login_Test" time="1.905" errors="1" timestamp="2024-10-21T12:17:59 IST" skipped="8">
  <testcase classname="testingbaba_test.Login_Test" name="testingbaba" time="0.000">
    <skipped/>
  </testcase> <!-- testingbaba -->
  <testcase classname="testingbaba_test.Login_Test" name="getLaunchurl_testingbaba" time="1.902">
    <error message="session not created: This version of ChromeDriver only supports Chrome version 128
Current browser version is 130.0.6723.58 with binary path C:\Program Files\Google\Chrome\Application\chrome.exe
Build info: version: &#039;3.141.59&#039;, revision: &#039;e82be7d358&#039;, time: &#039;2018-11-14T08:25:48&#039;
System info: host: &#039;DESKTOP-DHSC093&#039;, ip: &#039;192.168.31.47&#039;, os.name: &#039;Windows 10&#039;, os.arch: &#039;amd64&#039;, os.version: &#039;10.0&#039;, java.version: &#039;17.0.4.1&#039;
Driver info: driver.version: ChromeDriver
remote stacktrace: 	GetHandleVerifier [0x00007FF741C0B632+29090]
	(No symbol) [0x00007FF741B7E6E9]
	(No symbol) [0x00007FF741A3B1CA]
	(No symbol) [0x00007FF741A7D6B2]
	(No symbol) [0x00007FF741A7C751]
	(No symbol) [0x00007FF741A7729C]
	(No symbol) [0x00007FF741A71E0A]
	(No symbol) [0x00007FF741AC236D]
	(No symbol) [0x00007FF741AC1A20]
	(No symbol) [0x00007FF741AB6493]
	(No symbol) [0x00007FF741A809B1]
	(No symbol) [0x00007FF741A81B11]
	GetHandleVerifier [0x00007FF741F2881D+3294093]
	GetHandleVerifier [0x00007FF741F74403+3604339]
	GetHandleVerifier [0x00007FF741F6A2C7+3563063]
	GetHandleVerifier [0x00007FF741CC6F16+797318]
	(No symbol) [0x00007FF741B8986F]
	(No symbol) [0x00007FF741B85454]
	(No symbol) [0x00007FF741B855E0]
	(No symbol) [0x00007FF741B74A7F]
	BaseThreadInitThunk [0x00007FF930247374+20]
	RtlUserThreadStart [0x00007FF930B1CC91+33]
" type="org.openqa.selenium.SessionNotCreatedException">
      <![CDATA[org.openqa.selenium.SessionNotCreatedException: session not created: This version of ChromeDriver only supports Chrome version 128
Current browser version is 130.0.6723.58 with binary path C:\Program Files\Google\Chrome\Application\chrome.exe
Build info: version: '3.141.59', revision: 'e82be7d358', time: '2018-11-14T08:25:48'
System info: host: 'DESKTOP-DHSC093', ip: '192.168.31.47', os.name: 'Windows 10', os.arch: 'amd64', os.version: '10.0', java.version: '17.0.4.1'
Driver info: driver.version: ChromeDriver
remote stacktrace: GetHandleVerifier [0x00007FF741C0B632+29090]
(No symbol) [0x00007FF741B7E6E9]
(No symbol) [0x00007FF741A3B1CA]
(No symbol) [0x00007FF741A7D6B2]
(No symbol) [0x00007FF741A7C751]
(No symbol) [0x00007FF741A7729C]
(No symbol) [0x00007FF741A71E0A]
(No symbol) [0x00007FF741AC236D]
(No symbol) [0x00007FF741AC1A20]
(No symbol) [0x00007FF741AB6493]
(No symbol) [0x00007FF741A809B1]
(No symbol) [0x00007FF741A81B11]
GetHandleVerifier [0x00007FF741F2881D+3294093]
GetHandleVerifier [0x00007FF741F74403+3604339]
GetHandleVerifier [0x00007FF741F6A2C7+3563063]
GetHandleVerifier [0x00007FF741CC6F16+797318]
(No symbol) [0x00007FF741B8986F]
(No symbol) [0x00007FF741B85454]
(No symbol) [0x00007FF741B855E0]
(No symbol) [0x00007FF741B74A7F]
BaseThreadInitThunk [0x00007FF930247374+20]
RtlUserThreadStart [0x00007FF930B1CC91+33]

at java.base/jdk.internal.reflect.NativeConstructorAccessorImpl.newInstance0(Native Method)
at java.base/jdk.internal.reflect.NativeConstructorAccessorImpl.newInstance(NativeConstructorAccessorImpl.java:77)
at java.base/jdk.internal.reflect.DelegatingConstructorAccessorImpl.newInstance(DelegatingConstructorAccessorImpl.java:45)
at java.base/java.lang.reflect.Constructor.newInstanceWithCaller(Constructor.java:499)
at java.base/java.lang.reflect.Constructor.newInstance(Constructor.java:480)
at org.openqa.selenium.remote.W3CHandshakeResponse.lambda$errorHandler$0(W3CHandshakeResponse.java:62)
at org.openqa.selenium.remote.HandshakeResponse.lambda$getResponseFunction$0(HandshakeResponse.java:30)
at org.openqa.selenium.remote.ProtocolHandshake.lambda$createSession$0(ProtocolHandshake.java:126)
at java.base/java.util.stream.ReferencePipeline$3$1.accept(ReferencePipeline.java:197)
at java.base/java.util.Spliterators$ArraySpliterator.tryAdvance(Spliterators.java:1002)
at java.base/java.util.stream.ReferencePipeline.forEachWithCancel(ReferencePipeline.java:129)
at java.base/java.util.stream.AbstractPipeline.copyIntoWithCancel(AbstractPipeline.java:527)
at java.base/java.util.stream.AbstractPipeline.copyInto(AbstractPipeline.java:513)
at java.base/java.util.stream.AbstractPipeline.wrapAndCopyInto(AbstractPipeline.java:499)
at java.base/java.util.stream.FindOps$FindOp.evaluateSequential(FindOps.java:150)
at java.base/java.util.stream.AbstractPipeline.evaluate(AbstractPipeline.java:234)
at java.base/java.util.stream.ReferencePipeline.findFirst(ReferencePipeline.java:647)
at org.openqa.selenium.remote.ProtocolHandshake.createSession(ProtocolHandshake.java:128)
at org.openqa.selenium.remote.ProtocolHandshake.createSession(ProtocolHandshake.java:74)
at org.openqa.selenium.remote.HttpCommandExecutor.execute(HttpCommandExecutor.java:136)
at org.openqa.selenium.remote.service.DriverCommandExecutor.execute(DriverCommandExecutor.java:83)
at org.openqa.selenium.remote.RemoteWebDriver.execute(RemoteWebDriver.java:552)
at org.openqa.selenium.remote.RemoteWebDriver.startSession(RemoteWebDriver.java:213)
at org.openqa.selenium.remote.RemoteWebDriver.<init>(RemoteWebDriver.java:131)
at org.openqa.selenium.chrome.ChromeDriver.<init>(ChromeDriver.java:181)
at org.openqa.selenium.chrome.ChromeDriver.<init>(ChromeDriver.java:168)
at org.openqa.selenium.chrome.ChromeDriver.<init>(ChromeDriver.java:123)
at baselibrary.Baselibrary.getlaunchurl(Baselibrary.java:30)
at testingbaba_test.Login_Test.getLaunchurl_testingbaba(Login_Test.java:16)
at java.base/jdk.internal.reflect.NativeMethodAccessorImpl.invoke0(Native Method)
at java.base/jdk.internal.reflect.NativeMethodAccessorImpl.invoke(NativeMethodAccessorImpl.java:77)
at java.base/jdk.internal.reflect.DelegatingMethodAccessorImpl.invoke(DelegatingMethodAccessorImpl.java:43)
at java.base/java.lang.reflect.Method.invoke(Method.java:568)
at org.testng.internal.invokers.MethodInvocationHelper.invokeMethod(MethodInvocationHelper.java:141)
at org.testng.internal.invokers.MethodInvocationHelper.invokeMethodConsideringTimeout(MethodInvocationHelper.java:71)
at org.testng.internal.invokers.ConfigInvoker.invokeConfigurationMethod(ConfigInvoker.java:400)
at org.testng.internal.invokers.ConfigInvoker.invokeConfigurations(ConfigInvoker.java:333)
at org.testng.TestRunner.invokeTestConfigurations(TestRunner.java:655)
at org.testng.TestRunner.beforeRun(TestRunner.java:644)
at org.testng.TestRunner.run(TestRunner.java:610)
at org.testng.SuiteRunner.runTest(SuiteRunner.java:421)
at org.testng.SuiteRunner.runSequentially(SuiteRunner.java:413)
at org.testng.SuiteRunner.privateRun(SuiteRunner.java:373)
at org.testng.SuiteRunner.run(SuiteRunner.java:312)
at org.testng.SuiteRunnerWorker.runSuite(SuiteRunnerWorker.java:52)
at org.testng.SuiteRunnerWorker.run(SuiteRunnerWorker.java:95)
at org.testng.TestNG.runSuitesSequentially(TestNG.java:1274)
at org.testng.TestNG.runSuitesLocally(TestNG.java:1208)
at org.testng.TestNG.runSuites(TestNG.java:1112)
at org.testng.TestNG.run(TestNG.java:1079)
at org.testng.remote.AbstractRemoteTestNG.run(AbstractRemoteTestNG.java:115)
at org.testng.remote.RemoteTestNG.initAndRun(RemoteTestNG.java:293)
at org.testng.remote.RemoteTestNG.main(RemoteTestNG.java:91)
]]>
    </error>
  </testcase> <!-- getLaunchurl_testingbaba -->
  <testcase classname="testingbaba_test.Login_Test" name="Closebtn" time="0.000">
    <skipped/>
  </testcase> <!-- Closebtn -->
  <testcase classname="testingbaba_test.Login_Test" name="Practice" time="0.000">
    <skipped/>
  </testcase> <!-- Practice -->
  <testcase classname="testingbaba_test.Login_Test" name="Elements" time="0.000">
    <skipped/>
  </testcase> <!-- Elements -->
  <testcase classname="testingbaba_test.Login_Test" name="Checkbox" time="0.000">
    <skipped/>
  </testcase> <!-- Checkbox -->
  <testcase classname="testingbaba_test.Login_Test" name="Mobilebtn" time="0.001">
    <skipped/>
  </testcase> <!-- Mobilebtn -->
  <testcase classname="testingbaba_test.Login_Test" name="Laptopbtn" time="0.001">
    <skipped/>
  </testcase> <!-- Laptopbtn -->
  <testcase classname="testingbaba_test.Login_Test" name="Desktopbtn" time="0.001">
    <skipped/>
  </testcase> <!-- Desktopbtn -->
</testsuite> <!-- testingbaba_test.Login_Test -->
